<?xml version="1.0" encoding="UTF-8"?>
<testng-results skipped="1" failed="0" total="4" passed="3">
  <reporter-output>
  </reporter-output>
  <suite name="Suite1" duration-ms="162038" started-at="2014-11-24T12:42:58Z" finished-at="2014-11-24T12:45:40Z">
    <groups>
      <group name="adgrouptest">
        <method signature="com.looksmart.testsuits.LoginTestSuite.clickAdGroup()" name="clickAdGroup" class="com.looksmart.testsuits.LoginTestSuite"/>
        <method signature="com.looksmart.testsuits.LoginTestSuite.loginTest()" name="loginTest" class="com.looksmart.testsuits.LoginTestSuite"/>
      </group>
    </groups>
    <test name="loginTestCase_Firefox" duration-ms="162038" started-at="2014-11-24T12:42:58Z" finished-at="2014-11-24T12:45:40Z">
      <class name="com.looksmart.testsuits.SignUpTestSuite">
        <test-method status="FAIL" signature="openUrl()" name="openUrl" is-config="true" duration-ms="0" started-at="2014-11-24T12:42:58Z" finished-at="2014-11-24T12:42:58Z">
          <exception class="org.openqa.selenium.WebDriverException">
            <message>
              <![CDATA[Unable to bind to locking port 7054 within 45000 ms
Build info: version: '2.43.1', revision: '5163bceef1bc36d43f3dc0b83c88998168a363a0', time: '2014-09-10 09:43:55'
System info: host: 'sumit-ThinkPad-T410', ip: '127.0.1.1', os.name: 'Linux', os.arch: 'amd64', os.version: '3.13.0-32-generic', java.version: '1.7.0_65'
Driver info: driver.version: FirefoxDriver]]>
            </message>
            <full-stacktrace>
              <![CDATA[org.openqa.selenium.WebDriverException: Unable to bind to locking port 7054 within 45000 ms
Build info: version: '2.43.1', revision: '5163bceef1bc36d43f3dc0b83c88998168a363a0', time: '2014-09-10 09:43:55'
System info: host: 'sumit-ThinkPad-T410', ip: '127.0.1.1', os.name: 'Linux', os.arch: 'amd64', os.version: '3.13.0-32-generic', java.version: '1.7.0_65'
Driver info: driver.version: FirefoxDriver
	at org.openqa.selenium.internal.SocketLock.lock(SocketLock.java:98)
	at org.openqa.selenium.firefox.internal.NewProfileExtensionConnection.start(NewProfileExtensionConnection.java:84)
	at org.openqa.selenium.firefox.FirefoxDriver.startClient(FirefoxDriver.java:246)
	at org.openqa.selenium.remote.RemoteWebDriver.<init>(RemoteWebDriver.java:114)
	at org.openqa.selenium.firefox.FirefoxDriver.<init>(FirefoxDriver.java:191)
	at org.openqa.selenium.firefox.FirefoxDriver.<init>(FirefoxDriver.java:186)
	at org.openqa.selenium.firefox.FirefoxDriver.<init>(FirefoxDriver.java:182)
	at org.openqa.selenium.firefox.FirefoxDriver.<init>(FirefoxDriver.java:95)
	at com.looksmart.testsuits.SignUpTestSuite.openUrl(SignUpTestSuite.java:30)
	at sun.reflect.NativeMethodAccessorImpl.invoke0(Native Method)
	at sun.reflect.NativeMethodAccessorImpl.invoke(NativeMethodAccessorImpl.java:57)
	at sun.reflect.DelegatingMethodAccessorImpl.invoke(DelegatingMethodAccessorImpl.java:43)
	at java.lang.reflect.Method.invoke(Method.java:606)
	at org.testng.internal.MethodInvocationHelper.invokeMethod(MethodInvocationHelper.java:80)
	at org.testng.internal.Invoker.invokeConfigurationMethod(Invoker.java:525)
	at org.testng.internal.Invoker.invokeConfigurations(Invoker.java:202)
	at org.testng.internal.Invoker.invokeConfigurations(Invoker.java:130)
	at org.testng.internal.TestMethodWorker.invokeBeforeClassMethods(TestMethodWorker.java:173)
	at org.testng.internal.TestMethodWorker.run(TestMethodWorker.java:105)
	at java.util.concurrent.ThreadPoolExecutor.runWorker(ThreadPoolExecutor.java:1145)
	at java.util.concurrent.ThreadPoolExecutor$Worker.run(ThreadPoolExecutor.java:615)
	at java.lang.Thread.run(Thread.java:745)
]]>
            </full-stacktrace>
          </exception>
        </test-method>
        <test-method status="SKIP" signature="signUp()" name="signUp" duration-ms="2" started-at="2014-11-24T12:43:48Z" finished-at="2014-11-24T12:43:48Z">
        </test-method>
        <test-method status="SKIP" signature="quit()" name="quit" is-config="true" duration-ms="0" started-at="2014-11-24T12:43:48Z" finished-at="2014-11-24T12:43:48Z">
        </test-method>
      </class>
      <class name="com.looksmart.testsuits.LoginTestSuite">
        <test-method status="PASS" signature="openUrl()" name="openUrl" is-config="true" duration-ms="80823" started-at="2014-11-24T12:42:58Z" finished-at="2014-11-24T12:44:19Z">
        </test-method>
        <test-method status="PASS" signature="loginTest()" name="loginTest" duration-ms="26541" started-at="2014-11-24T12:44:19Z" finished-at="2014-11-24T12:44:45Z">
        </test-method>
        <test-method status="PASS" signature="clickAdGroup()" name="clickAdGroup" duration-ms="385" started-at="2014-11-24T12:44:45Z" finished-at="2014-11-24T12:44:46Z">
        </test-method>
        <test-method status="PASS" signature="createAdGroup()" name="createAdGroup" duration-ms="48265" depends-on-groups="adgrouptest" started-at="2014-11-24T12:44:46Z" finished-at="2014-11-24T12:45:34Z">
        </test-method>
        <test-method status="PASS" signature="quit()" name="quit" is-config="true" duration-ms="5860" started-at="2014-11-24T12:45:34Z" finished-at="2014-11-24T12:45:40Z">
        </test-method>
      </class>
    </test>
  </suite>
</testng-results>
