<?xml version="1.0" encoding="UTF-8"?>
<testsuite name="TestSuite" time="129.476" tests="6" errors="0" skipped="2" failures="1">
  <properties>
[...]
</properties>
  <testcase name="openUrl" classname="com.looksmart.testsuits.SignUpTestSuite" time="54.498">
    <failure message="Unable to bind to locking port 7054 within 45000 ms&#10;Build info: version: &apos;2.43.1&apos;, revision: &apos;5163bceef1bc36d43f3dc0b83c88998168a363a0&apos;, time: &apos;2014-09-10 09:43:55&apos;&#10;System info: host: &apos;sumit-ThinkPad-T410&apos;, ip: &apos;127.0.1.1&apos;, os.name: &apos;Linux&apos;, os.arch: &apos;amd64&apos;, os.version: &apos;3.13.0-32-generic&apos;, java.version: &apos;1.7.0_65&apos;&#10;Driver info: driver.version: FirefoxDriver" type="org.openqa.selenium.WebDriverException"><![CDATA[org.openqa.selenium.WebDriverException: Unable to bind to locking port 7054 within 45000 ms
Build info: version: '2.43.1', revision: '5163bceef1bc36d43f3dc0b83c88998168a363a0', time: '2014-09-10 09:43:55'
System info: host: 'sumit-ThinkPad-T410', ip: '127.0.1.1', os.name: 'Linux', os.arch: 'amd64', os.version: '3.13.0-32-generic', java.version: '1.7.0_65'
Driver info: driver.version: FirefoxDriver
	at org.openqa.selenium.internal.SocketLock.lock(SocketLock.java:98)
	at org.openqa.selenium.firefox.internal.NewProfileExtensionConnection.start(NewProfileExtensionConnection.java:84)
	at org.openqa.selenium.firefox.FirefoxDriver.startClient(FirefoxDriver.java:246)
	at org.openqa.selenium.remote.RemoteWebDriver.<init>(RemoteWebDriver.java:114)
	at org.openqa.selenium.firefox.FirefoxDriver.<init>(FirefoxDriver.java:191)
	at org.openqa.selenium.firefox.FirefoxDriver.<init>(FirefoxDriver.java:186)
	at org.openqa.selenium.firefox.FirefoxDriver.<init>(FirefoxDriver.java:182)
	at org.openqa.selenium.firefox.FirefoxDriver.<init>(FirefoxDriver.java:95)
	at com.looksmart.testsuits.SignUpTestSuite.openUrl(SignUpTestSuite.java:30)
]]></failure>
    <system-out><![CDATA[broweser is :firefoxScreendhot is:screenShoturl is:https://qa-ampwebui01.qa.looksmart.com:8760/security/login
broweser is :firefoxScreendhot is:screenShoturl is:https://qa-ampwebui01.qa.looksmart.com:8760/security/login
broweser is :firefoxScreendhot is:screenShoturl is:https://qa-ampwebui01.qa.looksmart.com:8760/security/login
broweser is :firefoxScreendhot is:screenShoturl is:https://qa-ampwebui01.qa.looksmart.com:8760/security/login
broweser is :firefoxScreendhot is:screenShoturl is:https://qa-ampwebui01.qa.looksmart.com:8760/security/login
broweser is :firefoxScreendhot is:screenShoturl is:https://qa-ampwebui01.qa.looksmart.com:8760/security/login
broweser is :firefoxScreendhot is:screenShoturl is:https://qa-ampwebui01.qa.looksmart.com:8760/security/login
broweser is :firefoxScreendhot is:screenShoturl is:https://qa-ampwebui01.qa.looksmart.com:8760/security/login
broweser is :firefoxScreendhot is:screenShoturl is:https://qa-ampwebui01.qa.looksmart.com:8760/security/login
broweser is :firefoxScreendhot is:screenShoturl is:https://qa-ampwebui01.qa.looksmart.com:8760/security/login
broweser is :firefoxScreendhot is:screenShoturl is:https://qa-ampwebui01.qa.looksmart.com:8760/security/login
broweser is :firefoxScreendhot is:screenShoturl is:https://qa-ampwebui01.qa.looksmart.com:8760/security/login
broweser is :firefoxScreendhot is:screenShoturl is:https://qa-ampwebui01.qa.looksmart.com:8760/security/login
broweser is :firefoxScreendhot is:screenShoturl is:https://qa-ampwebui01.qa.looksmart.com:8760/security/login
broweser is :firefoxScreendhot is:screenShoturl is:https://qa-ampwebui01.qa.looksmart.com:8760/security/login
broweser is :firefoxScreendhot is:screenShoturl is:https://qa-ampwebui01.qa.looksmart.com:8760/security/login
broweser is :firefoxScreendhot is:screenShoturl is:https://qa-ampwebui01.qa.looksmart.com:8760/security/login
broweser is :firefoxScreendhot is:screenShoturl is:https://qa-ampwebui01.qa.looksmart.com:8760/security/login
broweser is :firefoxScreendhot is:screenShoturl is:https://qa-ampwebui01.qa.looksmart.com:8760/security/login
broweser is :firefoxScreendhot is:screenShoturl is:https://qa-ampwebui01.qa.looksmart.com:8760/security/login
broweser is :firefoxScreendhot is:screenShoturl is:https://qa-ampwebui01.qa.looksmart.com:8760/security/login
broweser is :firefoxScreendhot is:screenShoturl is:https://qa-ampwebui01.qa.looksmart.com:8760/security/login
broweser is :firefoxScreendhot is:screenShoturl is:https://qa-ampwebui01.qa.looksmart.com:8760/security/login
broweser is :firefoxScreendhot is:screenShoturl is:https://qa-ampwebui01.qa.looksmart.com:8760/security/login
broweser is :firefoxScreendhot is:screenShoturl is:https://qa-ampwebui01.qa.looksmart.com:8760/security/login
broweser is :firefoxScreendhot is:screenShoturl is:https://qa-ampwebui01.qa.looksmart.com:8760/security/login
broweser is :firefoxScreendhot is:screenShoturl is:https://qa-ampwebui01.qa.looksmart.com:8760/security/login
broweser is :firefoxScreendhot is:screenShoturl is:https://qa-ampwebui01.qa.looksmart.com:8760/security/login
broweser is :firefoxScreendhot is:screenShoturl is:https://qa-ampwebui01.qa.looksmart.com:8760/security/login
broweser is :firefoxScreendhot is:screenShoturl is:https://qa-ampwebui01.qa.looksmart.com:8760/security/login
broweser is :firefoxScreendhot is:screenShoturl is:https://qa-ampwebui01.qa.looksmart.com:8760/security/login
broweser is :firefoxScreendhot is:screenShoturl is:https://qa-ampwebui01.qa.looksmart.com:8760/security/login
Test in a suite started: loginTestCase_Firefox 	 and time is: 24-11-2014 12:42:58:330
https://qa-ampwebui01.qa.looksmart.com:8760/security/login
]]></system-out>
  </testcase>
  <testcase name="signUp" classname="com.looksmart.testsuits.SignUpTestSuite" time="0">
    <skipped/>
    <system-out><![CDATA[Test method started: signUp 	and time is: 24-11-2014 12:43:48:407
]]></system-out>
  </testcase>
  <testcase name="quit" classname="com.looksmart.testsuits.SignUpTestSuite" time="0">
    <skipped/>
    <system-out><![CDATA[screenShot
Test method skipped: signUp  	and time is: 24-11-2014 12:43:48:409
]]></system-out>
  </testcase>
  <testcase name="loginTest" classname="com.looksmart.testsuits.LoginTestSuite" time="26.592"/>
  <testcase name="clickAdGroup" classname="com.looksmart.testsuits.LoginTestSuite" time="0.121"/>
  <testcase name="createAdGroup" classname="com.looksmart.testsuits.LoginTestSuite" time="48.265"/>
</testsuite>