<?xml version="1.0" encoding="UTF-8"?>
<testsuite hostname="sumit-ThinkPad-T410" name="com.looksmart.testsuits.LoginTestSuite" tests="4" failures="0" timestamp="24 Nov 2014 07:15:41 GMT" time="162.038" errors="0">
  <testcase name="@BeforeClass openUrl" time="0.0" classname="com.looksmart.testsuits.SignUpTestSuite">
    <failure type="org.openqa.selenium.WebDriverException" message="Unable to bind to locking port 7054 within 45000 ms
Build info: version: &amp;apos;2.43.1&amp;apos;, revision: &amp;apos;5163bceef1bc36d43f3dc0b83c88998168a363a0&amp;apos;, time: &amp;apos;2014-09-10 09:43:55&amp;apos;
System info: host: &amp;apos;sumit-ThinkPad-T410&amp;apos;, ip: &amp;apos;127.0.1.1&amp;apos;, os.name: &amp;apos;Linux&amp;apos;, os.arch: &amp;apos;amd64&amp;apos;, os.version: &amp;apos;3.13.0-32-generic&amp;apos;, java.version: &amp;apos;1.7.0_65&amp;apos;
Driver info: driver.version: FirefoxDriver">
      <![CDATA[org.openqa.selenium.WebDriverException: Unable to bind to locking port 7054 within 45000 ms
Build info: version: '2.43.1', revision: '5163bceef1bc36d43f3dc0b83c88998168a363a0', time: '2014-09-10 09:43:55'
System info: host: 'sumit-ThinkPad-T410', ip: '127.0.1.1', os.name: 'Linux', os.arch: 'amd64', os.version: '3.13.0-32-generic', java.version: '1.7.0_65'
Driver info: driver.version: FirefoxDriver
	at org.openqa.selenium.internal.SocketLock.lock(SocketLock.java:98)
	at org.openqa.selenium.firefox.internal.NewProfileExtensionConnection.start(NewProfileExtensionConnection.java:84)
	at org.openqa.selenium.firefox.FirefoxDriver.startClient(FirefoxDriver.java:246)
	at org.openqa.selenium.remote.RemoteWebDriver.<init>(RemoteWebDriver.java:114)
	at org.openqa.selenium.firefox.FirefoxDriver.<init>(FirefoxDriver.java:191)
	at org.openqa.selenium.firefox.FirefoxDriver.<init>(FirefoxDriver.java:186)
	at org.openqa.selenium.firefox.FirefoxDriver.<init>(FirefoxDriver.java:182)
	at org.openqa.selenium.firefox.FirefoxDriver.<init>(FirefoxDriver.java:95)
	at com.looksmart.testsuits.SignUpTestSuite.openUrl(SignUpTestSuite.java:30)
	at java.util.concurrent.ThreadPoolExecutor.runWorker(ThreadPoolExecutor.java:1145)
	at java.util.concurrent.ThreadPoolExecutor$Worker.run(ThreadPoolExecutor.java:615)
	at java.lang.Thread.run(Thread.java:745)
... Removed 10 stack frames]]>
    </failure>
  </testcase>
  <testcase name="@AfterClass quit" time="0.0" classname="com.looksmart.testsuits.SignUpTestSuite">
    <skipped/>
  </testcase>
  <testcase name="signUp" time="0.002" classname="com.looksmart.testsuits.SignUpTestSuite">
    <skipped/>
  </testcase>
  <testcase name="loginTest" time="26.541" classname="com.looksmart.testsuits.LoginTestSuite"/>
  <testcase name="clickAdGroup" time="0.385" classname="com.looksmart.testsuits.LoginTestSuite"/>
  <testcase name="createAdGroup" time="48.265" classname="com.looksmart.testsuits.LoginTestSuite"/>
</testsuite>
